<?xml version="1.0" encoding="UTF-8"?>
<!-- Generated by org.testng.reporters.JUnitReportReporter -->
<testsuite hostname="DESKTOP-3V8HRHP" failures="0" tests="4" name="azureDevops.LoginPageTest" time="25.727" errors="0" timestamp="2024-09-06T10:51:18 IST" skipped="0">
  <testcase classname="azureDevops.LoginPageTest" name="testLoginPageLoad" time="3.905"/>
  <testcase classname="azureDevops.LoginPageTest" name="testLoginPageElementsPresence" time="5.937"/>
  <testcase classname="azureDevops.LoginPageTest" name="testSuccessfulLogin" time="10.982"/>
  <testcase classname="azureDevops.LoginPageTest" name="testInvalidLogin" time="4.903"/>
</testsuite> <!-- azureDevops.LoginPageTest -->
